Success (7):
content 94997 _a-0000e6bf-1eb2-8000-6234-01ef9001ef90_1048166 "CK Jen Folder"
content 95000 _a-0000e6bf-1eb2-8000-6234-01ef9001ef90_1048173 "CK_TEST_DEMO_NEW"
content 94999 _a-0000e6bf-1eb2-8000-6234-01ef9001ef90_1048180 "CK_TEST_CONSTANT"
content 95006 _a-0000e6bf-1eb2-8000-6234-01ef9001ef90_1048239 "CK_TEST_CONSTANT_ITEM"
content 124545 _a-0000e6d3-139b-8000-623e-01ef9001ef90_1193759 "CK_NEW_CONSTANT"
content 125504 _a-0000e6d3-139b-8000-623e-01ef9001ef90_1198422 "CKTestConstantDemo"
application 94996 _a-0000e6bf-1eb2-8000-6234-01ef9001ef90_1048160 "CK Project"

Trace:
2021-08-25 11:45:06.159 DEBUG application 94996 _a-0000e6bf-1eb2-8000-6234-01ef9001ef90_1048160 Begin transport.
2021-08-25 11:45:06.159 DEBUG application 94996 _a-0000e6bf-1eb2-8000-6234-01ef9001ef90_1048160 Retrieving object data.
2021-08-25 11:45:06.164 DEBUG application 94996 _a-0000e6bf-1eb2-8000-6234-01ef9001ef90_1048160 App associated objects: [content=[_a-0000e6bf-1eb2-8000-6234-01ef9001ef90_1048166, _a-0000e6bf-1eb2-8000-6234-01ef9001ef90_1048173, _a-0000e6bf-1eb2-8000-6234-01ef9001ef90_1048180, _a-0000e6bf-1eb2-8000-6234-01ef9001ef90_1048239, _a-0000e6d3-139b-8000-623e-01ef9001ef90_1193759, _a-0000e6d3-139b-8000-623e-01ef9001ef90_1198422]]
2021-08-25 11:45:06.165 DEBUG application 94996 _a-0000e6bf-1eb2-8000-6234-01ef9001ef90_1048160 Invalid associated objects: []
2021-08-25 11:45:06.165 DEBUG application 94996 _a-0000e6bf-1eb2-8000-6234-01ef9001ef90_1048160 Adding valid associated objects to be exported: GlobalBindingMap[content={_a-0000e6bf-1eb2-8000-6234-01ef9001ef90_1048166=94997, _a-0000e6bf-1eb2-8000-6234-01ef9001ef90_1048173=95000, _a-0000e6bf-1eb2-8000-6234-01ef9001ef90_1048180=94999, _a-0000e6bf-1eb2-8000-6234-01ef9001ef90_1048239=95006, _a-0000e6d3-139b-8000-623e-01ef9001ef90_1193759=124545, _a-0000e6d3-139b-8000-623e-01ef9001ef90_1198422=125504}]
2021-08-25 11:45:06.165 DEBUG application 94996 _a-0000e6bf-1eb2-8000-6234-01ef9001ef90_1048160 Setting uuids of object references.
2021-08-25 11:45:06.166 DEBUG application 94996 _a-0000e6bf-1eb2-8000-6234-01ef9001ef90_1048160 Processing reference: Application.forum
2021-08-25 11:45:06.166 DEBUG application 94996 _a-0000e6bf-1eb2-8000-6234-01ef9001ef90_1048160 Processing reference: Application.parent
2021-08-25 11:45:06.168 DEBUG application 94996 _a-0000e6bf-1eb2-8000-6234-01ef9001ef90_1048160 Processing reference: com.appiancorp.suiteapi.content.ContentRoleMap@433c4664[
  ContentRole[name=readers,inherit=false,allowForAll=false]
  ContentRole[name=authors,inherit=false,allowForAll=false]
  ContentRole[name=administrators,inherit=false,allowForAll=false]
  ContentRole[name=denyReaders,inherit=false,allowForAll=false]
  ContentRole[name=denyAuthors,inherit=false,allowForAll=false]
  ContentRole[name=denyAdministrators,inherit=false,allowForAll=false]
  securityVector=1:SEC_PUBLIC=true,SEC_CREATOR_ADMIN=false,SEC_INH_ADMIN=false,SEC_INH_EDITOR=false,SEC_INH_VIEWER=false,SEC_ALL_ADMIN=false,SEC_ALL_EDITOR=false,SEC_ALL_VIEWER=false
]
2021-08-25 11:45:06.168 DEBUG application 94996 _a-0000e6bf-1eb2-8000-6234-01ef9001ef90_1048160 Processing reference: ContentRole[name=readers,inherit=false,allowForAll=false]
2021-08-25 11:45:06.168 DEBUG application 94996 _a-0000e6bf-1eb2-8000-6234-01ef9001ef90_1048160 Processing reference: ContentRole[name=authors,inherit=false,allowForAll=false]
2021-08-25 11:45:06.168 DEBUG application 94996 _a-0000e6bf-1eb2-8000-6234-01ef9001ef90_1048160 Processing reference: ContentRole[name=administrators,inherit=false,allowForAll=false]
2021-08-25 11:45:06.168 DEBUG application 94996 _a-0000e6bf-1eb2-8000-6234-01ef9001ef90_1048160 Processing reference: ContentRole[name=denyReaders,inherit=false,allowForAll=false]
2021-08-25 11:45:06.168 DEBUG application 94996 _a-0000e6bf-1eb2-8000-6234-01ef9001ef90_1048160 Processing reference: ContentRole[name=denyAuthors,inherit=false,allowForAll=false]
2021-08-25 11:45:06.168 DEBUG application 94996 _a-0000e6bf-1eb2-8000-6234-01ef9001ef90_1048160 Processing reference: ContentRole[name=denyAdministrators,inherit=false,allowForAll=false]
2021-08-25 11:45:06.17 DEBUG content 94997 _a-0000e6bf-1eb2-8000-6234-01ef9001ef90_1048166 Begin transport.
2021-08-25 11:45:06.17 DEBUG content 94997 _a-0000e6bf-1eb2-8000-6234-01ef9001ef90_1048166 Retrieving object data.
2021-08-25 11:45:06.177 DEBUG content 94997 _a-0000e6bf-1eb2-8000-6234-01ef9001ef90_1048166 Setting uuids of object references.
2021-08-25 11:45:06.178 DEBUG content 94997 _a-0000e6bf-1eb2-8000-6234-01ef9001ef90_1048166 Processing reference: RulesFolder.forum
2021-08-25 11:45:06.178 DEBUG content 94997 _a-0000e6bf-1eb2-8000-6234-01ef9001ef90_1048166 Processing reference: RulesFolder.parent
2021-08-25 11:45:06.18 DEBUG content 94997 _a-0000e6bf-1eb2-8000-6234-01ef9001ef90_1048166 Processing reference: com.appiancorp.suiteapi.content.ContentRoleMap@23aee9f3[
  ContentRole[name=readers,inherit=false,allowForAll=false]
  ContentRole[name=authors,inherit=false,allowForAll=false]
  ContentRole[name=administrators,inherit=false,allowForAll=false]
  ContentRole[name=denyReaders,inherit=false,allowForAll=false]
  ContentRole[name=denyAuthors,inherit=false,allowForAll=false]
  ContentRole[name=denyAdministrators,inherit=false,allowForAll=false]
  securityVector=1:SEC_PUBLIC=true,SEC_CREATOR_ADMIN=false,SEC_INH_ADMIN=false,SEC_INH_EDITOR=false,SEC_INH_VIEWER=false,SEC_ALL_ADMIN=false,SEC_ALL_EDITOR=false,SEC_ALL_VIEWER=false
]
2021-08-25 11:45:06.18 DEBUG content 94997 _a-0000e6bf-1eb2-8000-6234-01ef9001ef90_1048166 Processing reference: ContentRole[name=readers,inherit=false,allowForAll=false]
2021-08-25 11:45:06.18 DEBUG content 94997 _a-0000e6bf-1eb2-8000-6234-01ef9001ef90_1048166 Processing reference: ContentRole[name=authors,inherit=false,allowForAll=false]
2021-08-25 11:45:06.18 DEBUG content 94997 _a-0000e6bf-1eb2-8000-6234-01ef9001ef90_1048166 Processing reference: ContentRole[name=administrators,inherit=false,allowForAll=false]
2021-08-25 11:45:06.18 DEBUG content 94997 _a-0000e6bf-1eb2-8000-6234-01ef9001ef90_1048166 Processing reference: ContentRole[name=denyReaders,inherit=false,allowForAll=false]
2021-08-25 11:45:06.18 DEBUG content 94997 _a-0000e6bf-1eb2-8000-6234-01ef9001ef90_1048166 Processing reference: ContentRole[name=denyAuthors,inherit=false,allowForAll=false]
2021-08-25 11:45:06.18 DEBUG content 94997 _a-0000e6bf-1eb2-8000-6234-01ef9001ef90_1048166 Processing reference: ContentRole[name=denyAdministrators,inherit=false,allowForAll=false]
2021-08-25 11:45:06.18 DEBUG content 94997 _a-0000e6bf-1eb2-8000-6234-01ef9001ef90_1048166 Completing produce.
2021-08-25 11:45:06.18 DEBUG content 94997 _a-0000e6bf-1eb2-8000-6234-01ef9001ef90_1048166 Exporting binary resources.
2021-08-25 11:45:06.181 DEBUG content 94997 _a-0000e6bf-1eb2-8000-6234-01ef9001ef90_1048166 Serializing object to XML.
2021-08-25 11:45:06.181 DEBUG content 94997 _a-0000e6bf-1eb2-8000-6234-01ef9001ef90_1048166 Object transported.
2021-08-25 11:45:06.181 DEBUG content 95000 _a-0000e6bf-1eb2-8000-6234-01ef9001ef90_1048173 Begin transport.
2021-08-25 11:45:06.181 DEBUG content 95000 _a-0000e6bf-1eb2-8000-6234-01ef9001ef90_1048173 Retrieving object data.
2021-08-25 11:45:06.187 DEBUG content 95000 _a-0000e6bf-1eb2-8000-6234-01ef9001ef90_1048173 Setting uuids of object references.
2021-08-25 11:45:06.187 DEBUG content 95000 _a-0000e6bf-1eb2-8000-6234-01ef9001ef90_1048173 Processing reference: [Content:id=94998,versionId=-1,name=CK_TEST_DEMO_NEW,type=32,subtype=0,uuid=_a-0000e6bf-1eb2-8000-6234-01ef9001ef90_1048173,parent=94997]
2021-08-25 11:45:06.187 DEBUG content 95000 _a-0000e6bf-1eb2-8000-6234-01ef9001ef90_1048173 Processing reference: Constant.forum
2021-08-25 11:45:06.187 DEBUG content 95000 _a-0000e6bf-1eb2-8000-6234-01ef9001ef90_1048173 Processing reference: Constant.parent
2021-08-25 11:45:06.189 DEBUG content 95000 _a-0000e6bf-1eb2-8000-6234-01ef9001ef90_1048173 Processing reference: com.appiancorp.suiteapi.content.ContentRoleMap@c2ac85f[
  ContentRole[name=readers,inherit=true,allowForAll=false]
  ContentRole[name=authors,inherit=true,allowForAll=false]
  ContentRole[name=administrators,inherit=true,allowForAll=false]
  ContentRole[name=denyReaders,inherit=false,allowForAll=false]
  ContentRole[name=denyAuthors,inherit=false,allowForAll=false]
  ContentRole[name=denyAdministrators,inherit=false,allowForAll=false]
  securityVector=15:SEC_PUBLIC=true,SEC_CREATOR_ADMIN=false,SEC_INH_ADMIN=true,SEC_INH_EDITOR=true,SEC_INH_VIEWER=true,SEC_ALL_ADMIN=false,SEC_ALL_EDITOR=false,SEC_ALL_VIEWER=false
]
2021-08-25 11:45:06.189 DEBUG content 95000 _a-0000e6bf-1eb2-8000-6234-01ef9001ef90_1048173 Processing reference: ContentRole[name=readers,inherit=true,allowForAll=false]
2021-08-25 11:45:06.189 DEBUG content 95000 _a-0000e6bf-1eb2-8000-6234-01ef9001ef90_1048173 Processing reference: ContentRole[name=authors,inherit=true,allowForAll=false]
2021-08-25 11:45:06.189 DEBUG content 95000 _a-0000e6bf-1eb2-8000-6234-01ef9001ef90_1048173 Processing reference: ContentRole[name=administrators,inherit=true,allowForAll=false]
2021-08-25 11:45:06.189 DEBUG content 95000 _a-0000e6bf-1eb2-8000-6234-01ef9001ef90_1048173 Processing reference: ContentRole[name=denyReaders,inherit=false,allowForAll=false]
2021-08-25 11:45:06.189 DEBUG content 95000 _a-0000e6bf-1eb2-8000-6234-01ef9001ef90_1048173 Processing reference: ContentRole[name=denyAuthors,inherit=false,allowForAll=false]
2021-08-25 11:45:06.189 DEBUG content 95000 _a-0000e6bf-1eb2-8000-6234-01ef9001ef90_1048173 Processing reference: ContentRole[name=denyAdministrators,inherit=false,allowForAll=false]
2021-08-25 11:45:06.189 DEBUG content 95000 _a-0000e6bf-1eb2-8000-6234-01ef9001ef90_1048173 Completing produce.
2021-08-25 11:45:06.189 DEBUG content 95000 _a-0000e6bf-1eb2-8000-6234-01ef9001ef90_1048173 Exporting binary resources.
2021-08-25 11:45:06.189 DEBUG content 95000 _a-0000e6bf-1eb2-8000-6234-01ef9001ef90_1048173 Serializing object to XML.
2021-08-25 11:45:06.192 DEBUG content 95000 _a-0000e6bf-1eb2-8000-6234-01ef9001ef90_1048173 Object transported.
2021-08-25 11:45:06.192 DEBUG content 94999 _a-0000e6bf-1eb2-8000-6234-01ef9001ef90_1048180 Begin transport.
2021-08-25 11:45:06.192 DEBUG content 94999 _a-0000e6bf-1eb2-8000-6234-01ef9001ef90_1048180 Retrieving object data.
2021-08-25 11:45:06.198 DEBUG content 94999 _a-0000e6bf-1eb2-8000-6234-01ef9001ef90_1048180 Setting uuids of object references.
2021-08-25 11:45:06.198 DEBUG content 94999 _a-0000e6bf-1eb2-8000-6234-01ef9001ef90_1048180 Processing reference: [Content:id=94999,versionId=-1,name=CK_TEST_CONSTANT,type=32,subtype=0,uuid=_a-0000e6bf-1eb2-8000-6234-01ef9001ef90_1048180,parent=94997]
2021-08-25 11:45:06.198 DEBUG content 94999 _a-0000e6bf-1eb2-8000-6234-01ef9001ef90_1048180 Processing reference: Constant.forum
2021-08-25 11:45:06.198 DEBUG content 94999 _a-0000e6bf-1eb2-8000-6234-01ef9001ef90_1048180 Processing reference: Constant.parent
2021-08-25 11:45:06.2 DEBUG content 94999 _a-0000e6bf-1eb2-8000-6234-01ef9001ef90_1048180 Processing reference: com.appiancorp.suiteapi.content.ContentRoleMap@21fa8ff1[
  ContentRole[name=readers,inherit=true,allowForAll=false]
  ContentRole[name=authors,inherit=true,allowForAll=false]
  ContentRole[name=administrators,inherit=true,allowForAll=false]
  ContentRole[name=denyReaders,inherit=false,allowForAll=false]
  ContentRole[name=denyAuthors,inherit=false,allowForAll=false]
  ContentRole[name=denyAdministrators,inherit=false,allowForAll=false]
  securityVector=15:SEC_PUBLIC=true,SEC_CREATOR_ADMIN=false,SEC_INH_ADMIN=true,SEC_INH_EDITOR=true,SEC_INH_VIEWER=true,SEC_ALL_ADMIN=false,SEC_ALL_EDITOR=false,SEC_ALL_VIEWER=false
]
2021-08-25 11:45:06.2 DEBUG content 94999 _a-0000e6bf-1eb2-8000-6234-01ef9001ef90_1048180 Processing reference: ContentRole[name=readers,inherit=true,allowForAll=false]
2021-08-25 11:45:06.2 DEBUG content 94999 _a-0000e6bf-1eb2-8000-6234-01ef9001ef90_1048180 Processing reference: ContentRole[name=authors,inherit=true,allowForAll=false]
2021-08-25 11:45:06.2 DEBUG content 94999 _a-0000e6bf-1eb2-8000-6234-01ef9001ef90_1048180 Processing reference: ContentRole[name=administrators,inherit=true,allowForAll=false]
2021-08-25 11:45:06.2 DEBUG content 94999 _a-0000e6bf-1eb2-8000-6234-01ef9001ef90_1048180 Processing reference: ContentRole[name=denyReaders,inherit=false,allowForAll=false]
2021-08-25 11:45:06.2 DEBUG content 94999 _a-0000e6bf-1eb2-8000-6234-01ef9001ef90_1048180 Processing reference: ContentRole[name=denyAuthors,inherit=false,allowForAll=false]
2021-08-25 11:45:06.2 DEBUG content 94999 _a-0000e6bf-1eb2-8000-6234-01ef9001ef90_1048180 Processing reference: ContentRole[name=denyAdministrators,inherit=false,allowForAll=false]
2021-08-25 11:45:06.2 DEBUG content 94999 _a-0000e6bf-1eb2-8000-6234-01ef9001ef90_1048180 Completing produce.
2021-08-25 11:45:06.2 DEBUG content 94999 _a-0000e6bf-1eb2-8000-6234-01ef9001ef90_1048180 Exporting binary resources.
2021-08-25 11:45:06.2 DEBUG content 94999 _a-0000e6bf-1eb2-8000-6234-01ef9001ef90_1048180 Serializing object to XML.
2021-08-25 11:45:06.202 DEBUG content 94999 _a-0000e6bf-1eb2-8000-6234-01ef9001ef90_1048180 Object transported.
2021-08-25 11:45:06.202 DEBUG content 95006 _a-0000e6bf-1eb2-8000-6234-01ef9001ef90_1048239 Begin transport.
2021-08-25 11:45:06.202 DEBUG content 95006 _a-0000e6bf-1eb2-8000-6234-01ef9001ef90_1048239 Retrieving object data.
2021-08-25 11:45:06.208 DEBUG content 95006 _a-0000e6bf-1eb2-8000-6234-01ef9001ef90_1048239 Setting uuids of object references.
2021-08-25 11:45:06.208 DEBUG content 95006 _a-0000e6bf-1eb2-8000-6234-01ef9001ef90_1048239 Processing reference: [Content:id=95006,versionId=-1,name=CK_TEST_CONSTANT_ITEM,type=32,subtype=0,uuid=_a-0000e6bf-1eb2-8000-6234-01ef9001ef90_1048239,parent=94997]
2021-08-25 11:45:06.208 DEBUG content 95006 _a-0000e6bf-1eb2-8000-6234-01ef9001ef90_1048239 Processing reference: Constant.forum
2021-08-25 11:45:06.209 DEBUG content 95006 _a-0000e6bf-1eb2-8000-6234-01ef9001ef90_1048239 Processing reference: Constant.parent
2021-08-25 11:45:06.211 DEBUG content 95006 _a-0000e6bf-1eb2-8000-6234-01ef9001ef90_1048239 Processing reference: com.appiancorp.suiteapi.content.ContentRoleMap@5355f89e[
  ContentRole[name=readers,inherit=true,allowForAll=false]
  ContentRole[name=authors,inherit=true,allowForAll=false]
  ContentRole[name=administrators,inherit=true,allowForAll=false]
  ContentRole[name=denyReaders,inherit=false,allowForAll=false]
  ContentRole[name=denyAuthors,inherit=false,allowForAll=false]
  ContentRole[name=denyAdministrators,inherit=false,allowForAll=false]
  securityVector=15:SEC_PUBLIC=true,SEC_CREATOR_ADMIN=false,SEC_INH_ADMIN=true,SEC_INH_EDITOR=true,SEC_INH_VIEWER=true,SEC_ALL_ADMIN=false,SEC_ALL_EDITOR=false,SEC_ALL_VIEWER=false
]
2021-08-25 11:45:06.211 DEBUG content 95006 _a-0000e6bf-1eb2-8000-6234-01ef9001ef90_1048239 Processing reference: ContentRole[name=readers,inherit=true,allowForAll=false]
2021-08-25 11:45:06.211 DEBUG content 95006 _a-0000e6bf-1eb2-8000-6234-01ef9001ef90_1048239 Processing reference: ContentRole[name=authors,inherit=true,allowForAll=false]
2021-08-25 11:45:06.211 DEBUG content 95006 _a-0000e6bf-1eb2-8000-6234-01ef9001ef90_1048239 Processing reference: ContentRole[name=administrators,inherit=true,allowForAll=false]
2021-08-25 11:45:06.211 DEBUG content 95006 _a-0000e6bf-1eb2-8000-6234-01ef9001ef90_1048239 Processing reference: ContentRole[name=denyReaders,inherit=false,allowForAll=false]
2021-08-25 11:45:06.211 DEBUG content 95006 _a-0000e6bf-1eb2-8000-6234-01ef9001ef90_1048239 Processing reference: ContentRole[name=denyAuthors,inherit=false,allowForAll=false]
2021-08-25 11:45:06.211 DEBUG content 95006 _a-0000e6bf-1eb2-8000-6234-01ef9001ef90_1048239 Processing reference: ContentRole[name=denyAdministrators,inherit=false,allowForAll=false]
2021-08-25 11:45:06.211 DEBUG content 95006 _a-0000e6bf-1eb2-8000-6234-01ef9001ef90_1048239 Completing produce.
2021-08-25 11:45:06.211 DEBUG content 95006 _a-0000e6bf-1eb2-8000-6234-01ef9001ef90_1048239 Exporting binary resources.
2021-08-25 11:45:06.211 DEBUG content 95006 _a-0000e6bf-1eb2-8000-6234-01ef9001ef90_1048239 Serializing object to XML.
2021-08-25 11:45:06.213 DEBUG content 95006 _a-0000e6bf-1eb2-8000-6234-01ef9001ef90_1048239 Object transported.
2021-08-25 11:45:06.213 DEBUG content 124545 _a-0000e6d3-139b-8000-623e-01ef9001ef90_1193759 Begin transport.
2021-08-25 11:45:06.213 DEBUG content 124545 _a-0000e6d3-139b-8000-623e-01ef9001ef90_1193759 Retrieving object data.
2021-08-25 11:45:06.218 DEBUG content 124545 _a-0000e6d3-139b-8000-623e-01ef9001ef90_1193759 Setting uuids of object references.
2021-08-25 11:45:06.218 DEBUG content 124545 _a-0000e6d3-139b-8000-623e-01ef9001ef90_1193759 Processing reference: [Content:id=124545,versionId=-1,name=CK_NEW_CONSTANT,type=32,subtype=0,uuid=_a-0000e6d3-139b-8000-623e-01ef9001ef90_1193759,parent=94997]
2021-08-25 11:45:06.219 DEBUG content 124545 _a-0000e6d3-139b-8000-623e-01ef9001ef90_1193759 Processing reference: Constant.forum
2021-08-25 11:45:06.219 DEBUG content 124545 _a-0000e6d3-139b-8000-623e-01ef9001ef90_1193759 Processing reference: Constant.parent
2021-08-25 11:45:06.221 DEBUG content 124545 _a-0000e6d3-139b-8000-623e-01ef9001ef90_1193759 Processing reference: com.appiancorp.suiteapi.content.ContentRoleMap@39bc2c2e[
  ContentRole[name=readers,inherit=true,allowForAll=false]
  ContentRole[name=authors,inherit=true,allowForAll=false]
  ContentRole[name=administrators,inherit=true,allowForAll=false]
  ContentRole[name=denyReaders,inherit=false,allowForAll=false]
  ContentRole[name=denyAuthors,inherit=false,allowForAll=false]
  ContentRole[name=denyAdministrators,inherit=false,allowForAll=false]
  securityVector=15:SEC_PUBLIC=true,SEC_CREATOR_ADMIN=false,SEC_INH_ADMIN=true,SEC_INH_EDITOR=true,SEC_INH_VIEWER=true,SEC_ALL_ADMIN=false,SEC_ALL_EDITOR=false,SEC_ALL_VIEWER=false
]
2021-08-25 11:45:06.221 DEBUG content 124545 _a-0000e6d3-139b-8000-623e-01ef9001ef90_1193759 Processing reference: ContentRole[name=readers,inherit=true,allowForAll=false]
2021-08-25 11:45:06.221 DEBUG content 124545 _a-0000e6d3-139b-8000-623e-01ef9001ef90_1193759 Processing reference: ContentRole[name=authors,inherit=true,allowForAll=false]
2021-08-25 11:45:06.221 DEBUG content 124545 _a-0000e6d3-139b-8000-623e-01ef9001ef90_1193759 Processing reference: ContentRole[name=administrators,inherit=true,allowForAll=false]
2021-08-25 11:45:06.221 DEBUG content 124545 _a-0000e6d3-139b-8000-623e-01ef9001ef90_1193759 Processing reference: ContentRole[name=denyReaders,inherit=false,allowForAll=false]
2021-08-25 11:45:06.221 DEBUG content 124545 _a-0000e6d3-139b-8000-623e-01ef9001ef90_1193759 Processing reference: ContentRole[name=denyAuthors,inherit=false,allowForAll=false]
2021-08-25 11:45:06.221 DEBUG content 124545 _a-0000e6d3-139b-8000-623e-01ef9001ef90_1193759 Processing reference: ContentRole[name=denyAdministrators,inherit=false,allowForAll=false]
2021-08-25 11:45:06.221 DEBUG content 124545 _a-0000e6d3-139b-8000-623e-01ef9001ef90_1193759 Completing produce.
2021-08-25 11:45:06.221 DEBUG content 124545 _a-0000e6d3-139b-8000-623e-01ef9001ef90_1193759 Exporting binary resources.
2021-08-25 11:45:06.221 DEBUG content 124545 _a-0000e6d3-139b-8000-623e-01ef9001ef90_1193759 Serializing object to XML.
2021-08-25 11:45:06.223 DEBUG content 124545 _a-0000e6d3-139b-8000-623e-01ef9001ef90_1193759 Object transported.
2021-08-25 11:45:06.223 DEBUG content 125504 _a-0000e6d3-139b-8000-623e-01ef9001ef90_1198422 Begin transport.
2021-08-25 11:45:06.223 DEBUG content 125504 _a-0000e6d3-139b-8000-623e-01ef9001ef90_1198422 Retrieving object data.
2021-08-25 11:45:06.228 DEBUG content 125504 _a-0000e6d3-139b-8000-623e-01ef9001ef90_1198422 Setting uuids of object references.
2021-08-25 11:45:06.228 DEBUG content 125504 _a-0000e6d3-139b-8000-623e-01ef9001ef90_1198422 Processing reference: [Content:id=125504,versionId=-1,name=CKTestConstantDemo,type=32,subtype=0,uuid=_a-0000e6d3-139b-8000-623e-01ef9001ef90_1198422,parent=94997]
2021-08-25 11:45:06.229 DEBUG content 125504 _a-0000e6d3-139b-8000-623e-01ef9001ef90_1198422 Processing reference: Constant.forum
2021-08-25 11:45:06.229 DEBUG content 125504 _a-0000e6d3-139b-8000-623e-01ef9001ef90_1198422 Processing reference: Constant.parent
2021-08-25 11:45:06.231 DEBUG content 125504 _a-0000e6d3-139b-8000-623e-01ef9001ef90_1198422 Processing reference: com.appiancorp.suiteapi.content.ContentRoleMap@48eb3ced[
  ContentRole[name=readers,inherit=true,allowForAll=false]
  ContentRole[name=authors,inherit=true,allowForAll=false]
  ContentRole[name=administrators,inherit=true,allowForAll=false]
  ContentRole[name=denyReaders,inherit=false,allowForAll=false]
  ContentRole[name=denyAuthors,inherit=false,allowForAll=false]
  ContentRole[name=denyAdministrators,inherit=false,allowForAll=false]
  securityVector=15:SEC_PUBLIC=true,SEC_CREATOR_ADMIN=false,SEC_INH_ADMIN=true,SEC_INH_EDITOR=true,SEC_INH_VIEWER=true,SEC_ALL_ADMIN=false,SEC_ALL_EDITOR=false,SEC_ALL_VIEWER=false
]
2021-08-25 11:45:06.231 DEBUG content 125504 _a-0000e6d3-139b-8000-623e-01ef9001ef90_1198422 Processing reference: ContentRole[name=readers,inherit=true,allowForAll=false]
2021-08-25 11:45:06.231 DEBUG content 125504 _a-0000e6d3-139b-8000-623e-01ef9001ef90_1198422 Processing reference: ContentRole[name=authors,inherit=true,allowForAll=false]
2021-08-25 11:45:06.231 DEBUG content 125504 _a-0000e6d3-139b-8000-623e-01ef9001ef90_1198422 Processing reference: ContentRole[name=administrators,inherit=true,allowForAll=false]
2021-08-25 11:45:06.231 DEBUG content 125504 _a-0000e6d3-139b-8000-623e-01ef9001ef90_1198422 Processing reference: ContentRole[name=denyReaders,inherit=false,allowForAll=false]
2021-08-25 11:45:06.231 DEBUG content 125504 _a-0000e6d3-139b-8000-623e-01ef9001ef90_1198422 Processing reference: ContentRole[name=denyAuthors,inherit=false,allowForAll=false]
2021-08-25 11:45:06.231 DEBUG content 125504 _a-0000e6d3-139b-8000-623e-01ef9001ef90_1198422 Processing reference: ContentRole[name=denyAdministrators,inherit=false,allowForAll=false]
2021-08-25 11:45:06.231 DEBUG content 125504 _a-0000e6d3-139b-8000-623e-01ef9001ef90_1198422 Completing produce.
2021-08-25 11:45:06.231 DEBUG content 125504 _a-0000e6d3-139b-8000-623e-01ef9001ef90_1198422 Exporting binary resources.
2021-08-25 11:45:06.231 DEBUG content 125504 _a-0000e6d3-139b-8000-623e-01ef9001ef90_1198422 Serializing object to XML.
2021-08-25 11:45:06.234 DEBUG content 125504 _a-0000e6d3-139b-8000-623e-01ef9001ef90_1198422 Object transported.
2021-08-25 11:45:06.234 DEBUG application 94996 _a-0000e6bf-1eb2-8000-6234-01ef9001ef90_1048160 Completing produce.
2021-08-25 11:45:06.234 DEBUG application 94996 _a-0000e6bf-1eb2-8000-6234-01ef9001ef90_1048160 Exporting binary resources.
2021-08-25 11:45:06.234 DEBUG application 94996 _a-0000e6bf-1eb2-8000-6234-01ef9001ef90_1048160 Serializing object to XML.
2021-08-25 11:45:06.235 DEBUG application 94996 _a-0000e6bf-1eb2-8000-6234-01ef9001ef90_1048160 Object transported.
