Success (1):
content 84890 _a-0000e6a2-9d8e-8000-622c-01ef9001ef90_992155 "STOPWATCH_CONSTANT"

Referenced precedents that were not exported (1):
content 13465 _a-0000e323-440f-8000-61d0-01ef9001ef90_142554

Trace:
2021-07-15 10:36:41.372 DEBUG content 84890 _a-0000e6a2-9d8e-8000-622c-01ef9001ef90_992155 Begin transport.
2021-07-15 10:36:41.372 DEBUG content 84890 _a-0000e6a2-9d8e-8000-622c-01ef9001ef90_992155 Retrieving object data.
2021-07-15 10:36:41.379 DEBUG content 84890 _a-0000e6a2-9d8e-8000-622c-01ef9001ef90_992155 Setting uuids of object references.
2021-07-15 10:36:41.379 DEBUG content 84890 _a-0000e6a2-9d8e-8000-622c-01ef9001ef90_992155 Processing reference: [Content:id=84890,versionId=-1,name=STOPWATCH_CONSTANT,type=32,subtype=0,uuid=_a-0000e6a2-9d8e-8000-622c-01ef9001ef90_992155,parent=13465]
2021-07-15 10:36:41.38 DEBUG content 84890 _a-0000e6a2-9d8e-8000-622c-01ef9001ef90_992155 Processing reference: Constant.forum
2021-07-15 10:36:41.38 DEBUG content 84890 _a-0000e6a2-9d8e-8000-622c-01ef9001ef90_992155 Processing reference: Constant.parent
2021-07-15 10:36:41.383 DEBUG content 84890 _a-0000e6a2-9d8e-8000-622c-01ef9001ef90_992155 Processing reference: com.appiancorp.suiteapi.content.ContentRoleMap@336f74d3[
  ContentRole[name=readers,inherit=true,allowForAll=false]
  ContentRole[name=authors,inherit=true,allowForAll=false]
  ContentRole[name=administrators,inherit=true,allowForAll=false]
  ContentRole[name=denyReaders,inherit=false,allowForAll=false]
  ContentRole[name=denyAuthors,inherit=false,allowForAll=false]
  ContentRole[name=denyAdministrators,inherit=false,allowForAll=false]
  securityVector=15:SEC_PUBLIC=true,SEC_CREATOR_ADMIN=false,SEC_INH_ADMIN=true,SEC_INH_EDITOR=true,SEC_INH_VIEWER=true,SEC_ALL_ADMIN=false,SEC_ALL_EDITOR=false,SEC_ALL_VIEWER=false
]
2021-07-15 10:36:41.383 DEBUG content 84890 _a-0000e6a2-9d8e-8000-622c-01ef9001ef90_992155 Processing reference: ContentRole[name=readers,inherit=true,allowForAll=false]
2021-07-15 10:36:41.383 DEBUG content 84890 _a-0000e6a2-9d8e-8000-622c-01ef9001ef90_992155 Processing reference: ContentRole[name=authors,inherit=true,allowForAll=false]
2021-07-15 10:36:41.383 DEBUG content 84890 _a-0000e6a2-9d8e-8000-622c-01ef9001ef90_992155 Processing reference: ContentRole[name=administrators,inherit=true,allowForAll=false]
2021-07-15 10:36:41.383 DEBUG content 84890 _a-0000e6a2-9d8e-8000-622c-01ef9001ef90_992155 Processing reference: ContentRole[name=denyReaders,inherit=false,allowForAll=false]
2021-07-15 10:36:41.383 DEBUG content 84890 _a-0000e6a2-9d8e-8000-622c-01ef9001ef90_992155 Processing reference: ContentRole[name=denyAuthors,inherit=false,allowForAll=false]
2021-07-15 10:36:41.383 DEBUG content 84890 _a-0000e6a2-9d8e-8000-622c-01ef9001ef90_992155 Processing reference: ContentRole[name=denyAdministrators,inherit=false,allowForAll=false]
2021-07-15 10:36:41.383 DEBUG content 84890 _a-0000e6a2-9d8e-8000-622c-01ef9001ef90_992155 Completing produce.
2021-07-15 10:36:41.383 DEBUG content 84890 _a-0000e6a2-9d8e-8000-622c-01ef9001ef90_992155 Exporting binary resources.
2021-07-15 10:36:41.383 DEBUG content 84890 _a-0000e6a2-9d8e-8000-622c-01ef9001ef90_992155 Serializing object to XML.
2021-07-15 10:36:41.386 DEBUG content 84890 _a-0000e6a2-9d8e-8000-622c-01ef9001ef90_992155 Object transported.
